--- Tables in C:\Users\TL\Documents\Disk D\VNPIS\###Suppliers\Sanjin\Price list for Agent （20260717）.pdf ---
Page 1 Table 1
['', 'name', 'model', 'steel plate', 'CMB', '', 'Price/set']
['A1', '', '', '', '', '', '']
['A2', '', '', '', '', '', '']
['A3', '', '', '', '', '', '']
['A4', 'pad printing machine\n（Pneumatic）', 'MN-80-75', '100x75（4x3）', '0.08', '', '3300']
['A5', 'pad printing machine\n（Pneumatic）125mm', 'SYD-125-100', '100x75/100x100\n（4x3；4x4）', '0.64', '', '5000']
['A6', 'pad printing machine\n（Pneumatic）2pad', 'SYD2-125-100', '100x75/100x100\n（4x3；4x4）', '0.64', '', '5500']
['A7', 'pad printing machine\n（Pneumatic）2color Shuttle', 'SYC-125-100', '100x75/100x100\n（4x3；4x4）', '0.775', '', '6500']
['A8', 'pad printing machine\n（Pneumatic）ink cup', 'SYD-125-90', 'diameter：90mm\nplate size：234x100', '0.64', '', '5800']
['A9', 'pad printing machine\n（Pneumatic）2pad ink cup', 'SYD2-125-90', 'diameter：90mm\nplate size：234x100', '0.64', '', '6500']
...
Page 2 Table 1
['', 'name', 'model', 'steel plate', 'CMB', '', 'Price/set']
['A16', 'pad printing machine\n（Pneumatic）ink cup', 'SU-125', 'plate size：225x100mm\nPrinting area： 80x80mm', '0.156', '', '3700']
['A17', 'pad printing machine\n（Pneumatic）ink cup', 'SE-125', 'plate size：250x100mm\nPrinting area：80x80mm', '0.152', '', '2700']
['A18', 'pad printing machine\n（Electric）ink cup', 'ME-125', 'plate size：250x100mm\nPrinting area： 80x80mm', '0.152', '', '5000']
['A19', 'pad printing machine\n（Pneumatic）no box', 'MND-125-100T', 'plate size：100x75/100x100\n（4x3；4x4）', '0.2', '', '4500']
['A20', 'pad printing machine\n（Pneumatic）', 'MND-125-100', 'plate size：100x75/100x100\n（4x3；4x4）', '0.61', '', '4900']
['A21', 'pad printing machine\n（Pneumatic）ink cup\nColor: White', 'MND-125-90', 'diameter：90mm\nplate size：234x100', '0.61', '', '5400']
['A22', 'pad printing machine\n（Pneumatic）Horizontal Scraper', 'MS-H450', 'diameter：90mm\nplate size：510x100', '1.2', '', '17000']
['A23', 'pad printing machine\n（Pneumatic）', 'MS-150-100', 'plate size：100x100\n（4x4）', '0.865', '', '6000']
['A24', 'pad printing machine\n（Pneumatic）ink cup', 'MS-150-90', 'plate size：250x100mm\nPrinting area： 80x80mm', '0.865', '', '7000']
...
Page 3 Table 1
['', 'name', 'model', 'steel plate', 'CMB', '', 'Price/set']
['A31', 'pad printing machine\n（Pneumatic）', 'MS-200', 'plate size：150x100mm\nPrinting area：120x80mm', '1.1', '', '8000']
['A32', 'pad printing machine\n（Pneumatic）ink cup 200mm', 'MS-200-90', 'plate size：300x100mm\nPrinting area：120x80mm', '1.1', '', '8800']
['A33', 'pad printing machine\n（Pneumatic）2color Rotary\n200mm', 'MSZ-200-2', 'plate size：150x100mm\nPrinting area：120x80mm', '2.1', '', '12200']
['A34', 'pad printing machine\n（Pneumatic）3color Rotary\n200mm', 'MSZ-200-3', 'plate size：150x100mm\nPrinting area：120x80mm', '2.1', '', '15000']
['A35', 'pad printing machine\n（Pneumatic）4color Rotary\n200mm', 'MSZ-200-4', 'plate size：150x100mm\nPrinting area：120x80mm', '2.36', '', '17000']
['A36', 'pad printing machine\n（Pneumatic）2color Shuttle\n200mm', 'MSC-200-2', 'plate size：150x100mm\nPrinting area：120x80mm', '1.5', '', '10000']
['A37', 'pad printing machine\n（Pneumatic）3color Shuttle\n200mm', 'MSC-200-3', 'plate size：150x100mm\nPrinting area：120x80mm', '', '', '12500']
['A38', 'pad printing machine\n（Pneumatic）4color Shuttle\n200mm', 'MSC-200-4', 'plate size：150x100mm\nPrinting area：120x80mm', '', '', '14000']
['A39', 'pad printing machine\n（Pneumatic）2color Shuttle\n250mm', 'MSC-250-100', 'plate size：200x100mm\nPrinting area：160x80mm', '1.1', '', '11500']
...
Page 4 Table 1
['', 'name', 'model', 'steel plate', 'CMB', '', 'Price/set']
['B1', 'screen printing machine\nflat', 'SLD-200', 'Printing area： 150x150mm', '0.56', '', '5000']
['B2', 'screen printing machine\nflat Heightened Type', 'S-200L', 'Printing area：200x160mm', '0.83', '', '8000']
['B3', 'screen printing machine\nflat Table', 'S-400T', 'Printing area：350x250mm', '0.83', '', '5500']
['B4', 'screen printing machine\nround', 'SS-AG-200', 'diameter：60mm', '1.25', '', '9500']
['B5', 'screen printing machine\nround 300mm', 'MN300-A', 'diameter：80mm', '0.92', '', '6400']
['B6', 'screen printing machine\nround 400mm', 'MN400-A', 'diameter：110mm', '1.21', '', '8500']
['B7', 'screen printing machine\nflat 400mm', 'SLS-400-2H', 'Printing area：350x250mm', '1.22', '', '9500']
['B8', 'screen printing machine\nround 400mm', 'SLS-400-2S', 'diameter：110mm', '1.22', '', '9500']
['B9', 'screen printing machine\nround/flat 250mm', 'SS-250-3', 'diameter：60mm\nPrinting area：200x160mm', '0.9', '', '5800']
...
Page 5 Table 1
['', 'name', 'model', 'steel plate', 'CMB', '', 'Price/set']
['B16', 'screen printing machine\nflat With Vacuum Table', 'HS450', 'Printing area： 1400x300mm', '', '', '19000']
['B17', 'screen printing machine\nflat Servo', 'HSD450', 'Printing area： 400x300mm', '', '', '39000']
['B18', 'screen printing machine\nflat Electric', 'SS-250-D', 'diameter：60mm', '', '', '26000']
['B19', 'screen printing machine\nflat Electric with Color Scan\nPosition Model', 'SS-250-DC', 'diameter：60mm', '', '', '29000']
['', '', '', '', '', '', '']
['', '', '', '', '', '', '']
['', '', '', '', '', '', '']
['', '', '', '', '', '', '']
['', '', '', '', '', '', '']
...
Page 6 Table 1
['', 'name', 'model', 'steel plate', 'CMB', '', 'Price/set']
['C1', 'hot stamping machine\nPneumatic（flat）', 'HT-50', 'stamping area：130x130mm', '0.262', '', '4400']
['C2', 'hot stamping machine\nPneumatic（flat）', 'H168', 'stamping area：100x160mm', '0.71', '', '5600']
['C3', 'hot stamping machine\nPneumatic（round/flat）', 'H168S', 'stamping area：100x160mm\nround diameter：45mm', '0.71', '', '6600']
['C4', 'hot stamping machine\nPneumatic（flat）', 'H195', 'stamping area：150x200mm', '1.11', '', '6800']
['C5', 'hot stamping machine\nPneumatic（round/flat）', 'H195S', 'stamping area：150x200mm\nround diameter：60mm', '1.3', '', '8400']
['C6', 'hot stamping machine\nPneumatic（flat）\nHeightened Type', 'H195L', 'stamping area：150x200mm', '1.2', '', '8500']
['C7', 'hot stamping machine\nPneumatic（flat）\nLarge Cabinet Type', 'H195B', 'stamping area：150x200mm', '1.11', '', '7200']
['C8', 'hot stamping machine\nPneumatic（round/flat）\nLarge Cabinet Type', 'H195BS', 'stamping area：150x200mm\nround diameter： 60mm', '1.2', '', '8800']
['C9', 'hot stamping machine\nPneumatic（flat）\nTable In & Out', 'H200-A', 'stamping area：150x200mm\nTable Travel：100mm', '1.56', '', '9000']
...
Page 7 Table 1
['', 'name', 'model', 'steel plate', 'CMB', '', 'Price/set']
['C16', 'Heat Transfer machine\nPneumatic（round/flat）', 'HT2040', 'stamping area：350x200mm\nround diameter：150mm', '1.9', '', '15000']
['C17', 'Heat Transfer machine\nPneumatic（round/flat）', 'HT3070', 'stamping area：100x160mm\nround diameter：45mm', '', '', '28500']
['C18', 'Heat Transfer machine\nPneumatic（round/flat）', 'HT100', 'stamping area：100x150mm\nround diameter：100mm', '', '', '13500']
['C19', 'Heat Transfer machine\nPneumatic（round/flat）', 'HT3040', 'stamping area：350x300mm\nround diameter：150mm', '1.9', '', '17000']
['C20', '', '', '', '', '', '']
['C21', 'Heat Transfer machine\nPneumatic（round/flat）', 'HYD-200-150', 'Heating Plate Area：200x150mm', '1.15', '', '8000']
['C22', '', '', '', '', '', '']
['C23', '', '', '', '', '', '']
['C24', '', '', '', '', '', '']
...
--- Tables in C:\Users\TL\Documents\Disk D\VNPIS\###Suppliers\Sanjin\Price list for Agent （20260717） - sreen printer and hot stamping.pdf ---
Page 1 Table 1
['', 'name', 'model', 'steel plate', 'CMB', '', 'Price/set']
['A1', '', '', '', '', '', '']
['A2', '', '', '', '', '', '']
['A3', '', '', '', '', '', '']
['A4', 'pad printing machine\n（Pneumatic）', 'MN-80-75', '100x75（4x3）', '0.08', '', '3300']
['A5', 'pad printing machine\n（Pneumatic）125mm', 'SYD-125-100', '100x75/100x100\n（4x3；4x4）', '0.64', '', '5000']
['A6', 'pad printing machine\n（Pneumatic）2pad', 'SYD2-125-100', '100x75/100x100\n（4x3；4x4）', '0.64', '', '5500']
['A7', 'pad printing machine\n（Pneumatic）2color Shuttle', 'SYC-125-100', '100x75/100x100\n（4x3；4x4）', '0.775', '', '6500']
['A8', 'pad printing machine\n（Pneumatic）ink cup', 'SYD-125-90', 'diameter：90mm\nplate size：234x100', '0.64', '', '5800']
['A9', 'pad printing machine\n（Pneumatic）2pad ink cup', 'SYD2-125-90', 'diameter：90mm\nplate size：234x100', '0.64', '', '6500']
...
Page 2 Table 1
['', 'name', 'model', 'steel plate', 'CMB', '', 'Price/set']
['A16', 'pad printing machine\n（Pneumatic）ink cup', 'SU-125', 'plate size：225x100mm\nPrinting area： 80x80mm', '0.156', '', '3700']
['A17', 'pad printing machine\n（Pneumatic）ink cup', 'SE-125', 'plate size：250x100mm\nPrinting area：80x80mm', '0.152', '', '2700']
['A18', 'pad printing machine\n（Electric）ink cup', 'ME-125', 'plate size：250x100mm\nPrinting area： 80x80mm', '0.152', '', '5000']
['A19', 'pad printing machine\n（Pneumatic）no box', 'MND-125-100T', 'plate size：100x75/100x100\n（4x3；4x4）', '0.2', '', '4500']
['A20', 'pad printing machine\n（Pneumatic）', 'MND-125-100', 'plate size：100x75/100x100\n（4x3；4x4）', '0.61', '', '4900']
['A21', 'pad printing machine\n（Pneumatic）ink cup\nColor: White', 'MND-125-90', 'diameter：90mm\nplate size：234x100', '0.61', '', '5400']
['A22', 'pad printing machine\n（Pneumatic）Horizontal Scraper', 'MS-H450', 'diameter：90mm\nplate size：510x100', '1.2', '', '17000']
['A23', 'pad printing machine\n（Pneumatic）', 'MS-150-100', 'plate size：100x100\n（4x4）', '0.865', '', '6000']
['A24', 'pad printing machine\n（Pneumatic）ink cup', 'MS-150-90', 'plate size：250x100mm\nPrinting area： 80x80mm', '0.865', '', '7000']
...
Page 3 Table 1
['', 'name', 'model', 'steel plate', 'CMB', '', 'Price/set']
['A31', 'pad printing machine\n（Pneumatic）', 'MS-200', 'plate size：150x100mm\nPrinting area：120x80mm', '1.1', '', '8000']
['A32', 'pad printing machine\n（Pneumatic）ink cup 200mm', 'MS-200-90', 'plate size：300x100mm\nPrinting area：120x80mm', '1.1', '', '8800']
['A33', 'pad printing machine\n（Pneumatic）2color Rotary\n200mm', 'MSZ-200-2', 'plate size：150x100mm\nPrinting area：120x80mm', '2.1', '', '12200']
['A34', 'pad printing machine\n（Pneumatic）3color Rotary\n200mm', 'MSZ-200-3', 'plate size：150x100mm\nPrinting area：120x80mm', '2.1', '', '15000']
['A35', 'pad printing machine\n（Pneumatic）4color Rotary\n200mm', 'MSZ-200-4', 'plate size：150x100mm\nPrinting area：120x80mm', '2.36', '', '17000']
['A36', 'pad printing machine\n（Pneumatic）2color Shuttle\n200mm', 'MSC-200-2', 'plate size：150x100mm\nPrinting area：120x80mm', '1.5', '', '10000']
['A37', 'pad printing machine\n（Pneumatic）3color Shuttle\n200mm', 'MSC-200-3', 'plate size：150x100mm\nPrinting area：120x80mm', '', '', '12500']
['A38', 'pad printing machine\n（Pneumatic）4color Shuttle\n200mm', 'MSC-200-4', 'plate size：150x100mm\nPrinting area：120x80mm', '', '', '14000']
['A39', 'pad printing machine\n（Pneumatic）2color Shuttle\n250mm', 'MSC-250-100', 'plate size：200x100mm\nPrinting area：160x80mm', '1.1', '', '11500']
...
Page 4 Table 1
['', 'name', 'model', 'steel plate', 'CMB', '', 'Price/set']
['B1', 'screen printing machine\nflat', 'SLD-200', 'Printing area： 150x150mm', '0.56', '', '5000']
['B2', 'screen printing machine\nflat Heightened Type', 'S-200L', 'Printing area：200x160mm', '0.83', '', '8000']
['B3', 'screen printing machine\nflat Table', 'S-400T', 'Printing area：350x250mm', '0.83', '', '5500']
['B4', 'screen printing machine\nround', 'SS-AG-200', 'diameter：60mm', '1.25', '', '9500']
['B5', 'screen printing machine\nround 300mm', 'MN300-A', 'diameter：80mm', '0.92', '', '6400']
['B6', 'screen printing machine\nround 400mm', 'MN400-A', 'diameter：110mm', '1.21', '', '8500']
['B7', 'screen printing machine\nflat 400mm', 'SLS-400-2H', 'Printing area：350x250mm', '1.22', '', '9500']
['B8', 'screen printing machine\nround 400mm', 'SLS-400-2S', 'diameter：110mm', '1.22', '', '9500']
['B9', 'screen printing machine\nround/flat 250mm', 'SS-250-3', 'diameter：60mm\nPrinting area：200x160mm', '0.9', '', '5800']
...
Page 5 Table 1
['', 'name', 'model', 'steel plate', 'CMB', '', 'Price/set']
['B16', 'screen printing machine\nflat With Vacuum Table', 'HS450', 'Printing area： 1400x300mm', '', '', '19000']
['B17', 'screen printing machine\nflat Servo', 'HSD450', 'Printing area： 400x300mm', '', '', '39000']
['B18', 'screen printing machine\nflat Electric', 'SS-250-D', 'diameter：60mm', '', '', '26000']
['B19', 'screen printing machine\nflat Electric with Color Scan\nPosition Model', 'SS-250-DC', 'diameter：60mm', '', '', '29000']
['', '', '', '', '', '', '']
['', '', '', '', '', '', '']
['', '', '', '', '', '', '']
['', '', '', '', '', '', '']
['', '', '', '', '', '', '']
...
Page 6 Table 1
['', 'name', 'model', 'steel plate', 'CMB', '', 'Price/set']
['C1', 'hot stamping machine\nPneumatic（flat）', 'HT-50', 'stamping area：130x130mm', '0.262', '', '4400']
['C2', 'hot stamping machine\nPneumatic（flat）', 'H168', 'stamping area：100x160mm', '0.71', '', '5600']
['C3', 'hot stamping machine\nPneumatic（round/flat）', 'H168S', 'stamping area：100x160mm\nround diameter：45mm', '0.71', '', '6600']
['C4', 'hot stamping machine\nPneumatic（flat）', 'H195', 'stamping area：150x200mm', '1.11', '', '6800']
['C5', 'hot stamping machine\nPneumatic（round/flat）', 'H195S', 'stamping area：150x200mm\nround diameter：60mm', '1.3', '', '8400']
['C6', 'hot stamping machine\nPneumatic（flat）\nHeightened Type', 'H195L', 'stamping area：150x200mm', '1.2', '', '8500']
['C7', 'hot stamping machine\nPneumatic（flat）\nLarge Cabinet Type', 'H195B', 'stamping area：150x200mm', '1.11', '', '7200']
['C8', 'hot stamping machine\nPneumatic（round/flat）\nLarge Cabinet Type', 'H195BS', 'stamping area：150x200mm\nround diameter： 60mm', '1.2', '', '8800']
['C9', 'hot stamping machine\nPneumatic（flat）\nTable In & Out', 'H200-A', 'stamping area：150x200mm\nTable Travel：100mm', '1.56', '', '9000']
...
Page 7 Table 1
['', 'name', 'model', 'steel plate', 'CMB', '', 'Price/set']
['C16', 'Heat Transfer machine\nPneumatic（round/flat）', 'HT2040', 'stamping area：350x200mm\nround diameter：150mm', '1.9', '', '15000']
['C17', 'Heat Transfer machine\nPneumatic（round/flat）', 'HT3070', 'stamping area：100x160mm\nround diameter：45mm', '', '', '28500']
['C18', 'Heat Transfer machine\nPneumatic（round/flat）', 'HT100', 'stamping area：100x150mm\nround diameter：100mm', '', '', '13500']
['C19', 'Heat Transfer machine\nPneumatic（round/flat）', 'HT3040', 'stamping area：350x300mm\nround diameter：150mm', '1.9', '', '17000']
['C20', '', '', '', '', '', '']
['C21', 'Heat Transfer machine\nPneumatic（round/flat）', 'HYD-200-150', 'Heating Plate Area：200x150mm', '1.15', '', '8000']
['C22', '', '', '', '', '', '']
['C23', '', '', '', '', '', '']
['C24', '', '', '', '', '', '']
...
